#
# There is insufficient memory for the Java Runtime Environment to continue.
# Native memory allocation (malloc) failed to allocate 32744 bytes for ChunkPool::allocate
# Possible reasons:
#   The system is out of physical RAM or swap space
#   In 32 bit mode, the process size limit was hit
# Possible solutions:
#   Reduce memory load on the system
#   Increase physical memory or swap space
#   Check if swap backing store is full
#   Use 64 bit Java on a 64 bit OS
#   Decrease Java heap size (-Xmx/-Xms)
#   Decrease number of Java threads
#   Decrease Java thread stack sizes (-Xss)
#   Set larger code cache with -XX:ReservedCodeCacheSize=
# This output file may be truncated or incomplete.
#
#  Out of Memory Error (allocation.cpp:273), pid=4932, tid=0x0000000000001c54
#
# JRE version: Java(TM) SE Runtime Environment (8.0_111-b14) (build 1.8.0_111-b14)
# Java VM: Java HotSpot(TM) 64-Bit Server VM (25.111-b14 mixed mode windows-amd64 compressed oops)
# Failed to write core dump. Minidumps are not enabled by default on client versions of Windows
#

---------------  T H R E A D  ---------------

Current thread (0x00000000176fc800):  JavaThread "C2 CompilerThread0" daemon [_thread_in_native, id=7252, stack(0x0000000018d50000,0x0000000018e50000)]

Stack: [0x0000000018d50000,0x0000000018e50000]
[error occurred during error reporting (printing stack bounds), id 0xc0000005]

Native frames: (J=compiled Java code, j=interpreted, Vv=VM code, C=native code)


Current CompileTask:
C2:   1860  358 % !   4       sun.awt.image.PNGImageDecoder::produceImage @ 960 (1916 bytes)


---------------  P R O C E S S  ---------------

Java Threads: ( => current thread )
  0x0000000019443800 JavaThread "Image Fetcher 0" daemon [_thread_in_Java, id=2108, stack(0x000000001a880000,0x000000001a980000)]
  0x000000001942a000 JavaThread "AWT-Windows" daemon [_thread_in_native, id=9100, stack(0x000000001a190000,0x000000001a290000)]
  0x00000000197d3800 JavaThread "Java2D Disposer" daemon [_thread_blocked, id=5236, stack(0x0000000019f90000,0x000000001a090000)]
  0x0000000019071000 JavaThread "Service Thread" daemon [_thread_blocked, id=10396, stack(0x0000000019450000,0x0000000019550000)]
  0x0000000017709800 JavaThread "C1 CompilerThread2" daemon [_thread_blocked, id=1168, stack(0x0000000018f50000,0x0000000019050000)]
  0x0000000017700800 JavaThread "C2 CompilerThread1" daemon [_thread_in_native, id=11256, stack(0x0000000018e50000,0x0000000018f50000)]
=>0x00000000176fc800 JavaThread "C2 CompilerThread0" daemon [_thread_in_native, id=7252, stack(0x0000000018d50000,0x0000000018e50000)]
  0x00000000176fb000 JavaThread "Attach Listener" daemon [_thread_blocked, id=8636, stack(0x0000000018c50000,0x0000000018d50000)]
  0x00000000176fa000 JavaThread "Signal Dispatcher" daemon [_thread_blocked, id=7072, stack(0x0000000018b50000,0x0000000018c50000)]
  0x00000000176ea800 JavaThread "Finalizer" daemon [_thread_blocked, id=8760, stack(0x0000000018950000,0x0000000018a50000)]
  0x00000000176c9000 JavaThread "Reference Handler" daemon [_thread_blocked, id=6284, stack(0x0000000018850000,0x0000000018950000)]
  0x0000000002ad0800 JavaThread "main" [_thread_blocked, id=10168, stack(0x00000000029d0000,0x0000000002ad0000)]

Other Threads:
  0x00000000176c7800 VMThread [stack: 0x0000000018750000,0x0000000018850000] [id=8948]
  0x000000001909a800 WatcherThread [stack: 0x0000000019550000,0x0000000019650000] [id=10748]

VM state:not at safepoint (normal execution)

VM Mutex/Monitor currently owned by a thread: None

Heap:
 PSYoungGen      total 38400K, used 8689K [0x00000000d5f00000, 0x00000000d8980000, 0x0000000100000000)
  eden space 33280K, 26% used [0x00000000d5f00000,0x00000000d677c4a8,0x00000000d7f80000)
  from space 5120K, 0% used [0x00000000d7f80000,0x00000000d7f80000,0x00000000d8480000)
  to   space 5120K, 0% used [0x00000000d8480000,0x00000000d8480000,0x00000000d8980000)
 ParOldGen       total 87552K, used 15310K [0x0000000081c00000, 0x0000000087180000, 0x00000000d5f00000)
  object space 87552K, 17% used [0x0000000081c00000,0x0000000082af3b78,0x0000000087180000)
 Metaspace       used 7892K, capacity 7988K, committed 8192K, reserved 1056768K
  class space    used 910K, capacity 962K, committed 1024K, reserved 1048576K

Card table byte_map: [0x0000000011f90000,0x0000000012390000] byte_map_base: 0x0000000011b82000

Marking Bits: (ParMarkBitMap*) 0x000000006000a6c0
 Begin Bits: [0x0000000012a40000, 0x00000000149d0000)
 End Bits:   [0x00000000149d0000, 0x0000000016960000)

Polling page: 0x0000000000bd0000

CodeCache: size=245760Kb used=2191Kb max_used=2203Kb free=243568Kb
 bounds [0x0000000002bd0000, 0x0000000002e40000, 0x0000000011bd0000]
 total_blobs=744 nmethods=363 adapters=294
 compilation: enabled

Compilation events (10 events):
Event: 1.521 Thread 0x0000000017709800 nmethod 360 0x0000000002df2110 code [0x0000000002df22c0, 0x0000000002df2b28]
Event: 1.540 Thread 0x0000000017700800  361   !   4       java.util.zip.Inflater::setInput (74 bytes)
Event: 1.548 Thread 0x0000000017700800 nmethod 361 0x0000000002db52d0 code [0x0000000002db5420, 0x0000000002db56d8]
Event: 1.552 Thread 0x0000000017700800  362 %     4       java.awt.image.ReplicateScaleFilter::setPixels @ 149 (229 bytes)
Event: 1.596 Thread 0x0000000017700800 nmethod 362% 0x0000000002df3a10 code [0x0000000002df3b80, 0x0000000002df4388]
Event: 1.600 Thread 0x0000000017700800  363       4       java.awt.image.ReplicateScaleFilter::setPixels (229 bytes)
Event: 1.647 Thread 0x0000000017700800 nmethod 363 0x0000000002df5750 code [0x0000000002df58c0, 0x0000000002df6148]
Event: 1.648 Thread 0x0000000017700800  364   !   4       sun.awt.image.ImageDecoder::nextConsumer (69 bytes)
Event: 1.656 Thread 0x0000000017700800 nmethod 364 0x0000000002df3410 code [0x0000000002df3560, 0x0000000002df38d8]
Event: 1.803 Thread 0x0000000017700800  365       4       java.io.BufferedInputStream::read1 (108 bytes)

GC Heap History (4 events):
Event: 1.357 GC heap before
{Heap before GC invocations=1 (full 0):
 PSYoungGen      total 38400K, used 33244K [0x00000000d5f00000, 0x00000000d8980000, 0x0000000100000000)
  eden space 33280K, 99% used [0x00000000d5f00000,0x00000000d7f772d0,0x00000000d7f80000)
  from space 5120K, 0% used [0x00000000d8480000,0x00000000d8480000,0x00000000d8980000)
  to   space 5120K, 0% used [0x00000000d7f80000,0x00000000d7f80000,0x00000000d8480000)
 ParOldGen       total 87552K, used 0K [0x0000000081c00000, 0x0000000087180000, 0x00000000d5f00000)
  object space 87552K, 0% used [0x0000000081c00000,0x0000000081c00000,0x0000000087180000)
 Metaspace       used 7890K, capacity 7988K, committed 8192K, reserved 1056768K
  class space    used 908K, capacity 962K, committed 1024K, reserved 1048576K
Event: 1.416 GC heap after
Heap after GC invocations=1 (full 0):
 PSYoungGen      total 38400K, used 1472K [0x00000000d5f00000, 0x00000000d8980000, 0x0000000100000000)
  eden space 33280K, 0% used [0x00000000d5f00000,0x00000000d5f00000,0x00000000d7f80000)
  from space 5120K, 28% used [0x00000000d7f80000,0x00000000d80f0020,0x00000000d8480000)
  to   space 5120K, 0% used [0x00000000d8480000,0x00000000d8480000,0x00000000d8980000)
 ParOldGen       total 87552K, used 55677K [0x0000000081c00000, 0x0000000087180000, 0x00000000d5f00000)
  object space 87552K, 63% used [0x0000000081c00000,0x000000008525f440,0x0000000087180000)
 Metaspace       used 7890K, capacity 7988K, committed 8192K, reserved 1056768K
  class space    used 908K, capacity 962K, committed 1024K, reserved 1048576K
}
Event: 1.416 GC heap before
{Heap before GC invocations=2 (full 1):
 PSYoungGen      total 38400K, used 1472K [0x00000000d5f00000, 0x00000000d8980000, 0x0000000100000000)
  eden space 33280K, 0% used [0x00000000d5f00000,0x00000000d5f00000,0x00000000d7f80000)
  from space 5120K, 28% used [0x00000000d7f80000,0x00000000d80f0020,0x00000000d8480000)
  to   space 5120K, 0% used [0x00000000d8480000,0x00000000d8480000,0x00000000d8980000)
 ParOldGen       total 87552K, used 55677K [0x0000000081c00000, 0x0000000087180000, 0x00000000d5f00000)
  object space 87552K, 63% used [0x0000000081c00000,0x000000008525f440,0x0000000087180000)
 Metaspace       used 7890K, capacity 7988K, committed 8192K, reserved 1056768K
  class space    used 908K, capacity 962K, committed 1024K, reserved 1048576K
Event: 1.456 GC heap after
Heap after GC invocations=2 (full 1):
 PSYoungGen      total 38400K, used 0K [0x00000000d5f00000, 0x00000000d8980000, 0x0000000100000000)
  eden space 33280K, 0% used [0x00000000d5f00000,0x00000000d5f00000,0x00000000d7f80000)
  from space 5120K, 0% used [0x00000000d7f80000,0x00000000d7f80000,0x00000000d8480000)
  to   space 5120K, 0% used [0x00000000d8480000,0x00000000d8480000,0x00000000d8980000)
 ParOldGen       total 87552K, used 15310K [0x0000000081c00000, 0x0000000087180000, 0x00000000d5f00000)
  object space 87552K, 17% used [0x0000000081c00000,0x0000000082af3b78,0x0000000087180000)
 Metaspace       used 7890K, capacity 7988K, committed 8192K, reserved 1056768K
  class space    used 908K, capacity 962K, committed 1024K, reserved 1048576K
}

Deoptimization events (4 events):
Event: 1.326 Thread 0x0000000019443800 Uncommon trap: reason=unstable_if action=reinterpret pc=0x0000000002dc2af8 method=java.io.BufferedInputStream.fill()V @ 219
Event: 1.326 Thread 0x0000000019443800 Uncommon trap: reason=unstable_if action=reinterpret pc=0x0000000002dc616c method=sun.awt.image.PNGFilterInputStream.read([BII)I @ 30
Event: 1.327 Thread 0x0000000019443800 Uncommon trap: reason=unstable_if action=reinterpret pc=0x0000000002dbb880 method=sun.awt.image.PNGImageDecoder.produceImage()V @ 867
Event: 1.350 Thread 0x0000000019443800 Uncommon trap: reason=unstable_if action=reinterpret pc=0x0000000002dbfacc method=sun.awt.image.ImageRepresentation.getOpaqueRGBImage()Ljava/awt/image/BufferedImage; @ 57

Internal exceptions (10 events):
Event: 0.059 Thread 0x0000000002ad0800 Exception <a 'java/lang/NoSuchMethodError': Method sun.misc.Unsafe.defineClass(Ljava/lang/String;[BII)Ljava/lang/Class; name or signature does not match> (0x00000000d5f07c78) thrown at [C:\re\workspace\8-2-build-windows-amd64-cygwin\jdk8u111\7883\hotspot\
Event: 0.059 Thread 0x0000000002ad0800 Exception <a 'java/lang/NoSuchMethodError': Method sun.misc.Unsafe.prefetchRead(Ljava/lang/Object;J)V name or signature does not match> (0x00000000d5f07f60) thrown at [C:\re\workspace\8-2-build-windows-amd64-cygwin\jdk8u111\7883\hotspot\src\share\vm\prims
Event: 0.230 Thread 0x0000000002ad0800 Exception <a 'java/security/PrivilegedActionException'> (0x00000000d5f992c8) thrown at [C:\re\workspace\8-2-build-windows-amd64-cygwin\jdk8u111\7883\hotspot\src\share\vm\prims\jvm.cpp, line 1386]
Event: 0.231 Thread 0x0000000002ad0800 Exception <a 'java/security/PrivilegedActionException'> (0x00000000d5f994d8) thrown at [C:\re\workspace\8-2-build-windows-amd64-cygwin\jdk8u111\7883\hotspot\src\share\vm\prims\jvm.cpp, line 1386]
Event: 0.232 Thread 0x0000000002ad0800 Exception <a 'java/security/PrivilegedActionException'> (0x00000000d5f9c4b8) thrown at [C:\re\workspace\8-2-build-windows-amd64-cygwin\jdk8u111\7883\hotspot\src\share\vm\prims\jvm.cpp, line 1386]
Event: 0.232 Thread 0x0000000002ad0800 Exception <a 'java/security/PrivilegedActionException'> (0x00000000d5f9c6c8) thrown at [C:\re\workspace\8-2-build-windows-amd64-cygwin\jdk8u111\7883\hotspot\src\share\vm\prims\jvm.cpp, line 1386]
Event: 0.244 Thread 0x0000000002ad0800 Exception <a 'java/io/FileNotFoundException'> (0x00000000d5fa1b28) thrown at [C:\re\workspace\8-2-build-windows-amd64-cygwin\jdk8u111\7883\hotspot\src\share\vm\prims\jni.cpp, line 709]
Event: 0.326 Thread 0x0000000002ad0800 Exception <a 'java/lang/NoSuchFieldError': method resolution failed> (0x00000000d6115990) thrown at [C:\re\workspace\8-2-build-windows-amd64-cygwin\jdk8u111\7883\hotspot\src\share\vm\prims\methodHandles.cpp, line 1146]
Event: 0.330 Thread 0x0000000002ad0800 Exception <a 'java/lang/NoSuchFieldError': method resolution failed> (0x00000000d6122d60) thrown at [C:\re\workspace\8-2-build-windows-amd64-cygwin\jdk8u111\7883\hotspot\src\share\vm\prims\methodHandles.cpp, line 1146]
Event: 0.464 Thread 0x0000000002ad0800 Exception <a 'java/io/FileNotFoundException'> (0x00000000d61b6908) thrown at [C:\re\workspace\8-2-build-windows-amd64-cygwin\jdk8u111\7883\hotspot\src\share\vm\prims\jni.cpp, line 709]

Events (10 events):
Event: 1.624 Thread 0x0000000019443800 DEOPT PACKING pc=0x0000000002df1939 sp=0x000000001a97e990
Event: 1.624 Thread 0x0000000019443800 DEOPT UNPACKING pc=0x0000000002c1787f sp=0x000000001a97e6a8 mode 0
Event: 1.632 Thread 0x0000000019443800 DEOPT PACKING pc=0x0000000002df1939 sp=0x000000001a97e990
Event: 1.632 Thread 0x0000000019443800 DEOPT UNPACKING pc=0x0000000002c1787f sp=0x000000001a97e6a8 mode 0
Event: 1.636 Thread 0x0000000019443800 DEOPT PACKING pc=0x0000000002df1939 sp=0x000000001a97e990
Event: 1.636 Thread 0x0000000019443800 DEOPT UNPACKING pc=0x0000000002c1787f sp=0x000000001a97e6a8 mode 0
Event: 1.640 Thread 0x0000000019443800 DEOPT PACKING pc=0x0000000002df1939 sp=0x000000001a97e990
Event: 1.640 Thread 0x0000000019443800 DEOPT UNPACKING pc=0x0000000002c1787f sp=0x000000001a97e6a8 mode 0
Event: 1.644 Thread 0x0000000019443800 DEOPT PACKING pc=0x0000000002df1939 sp=0x000000001a97e990
Event: 1.644 Thread 0x0000000019443800 DEOPT UNPACKING pc=0x0000000002c1787f sp=0x000000001a97e6a8 mode 0


Dynamic libraries:
0x00007ff6a7590000 - 0x00007ff6a75c7000 	C:\Users\admin\Documents\jdk1.8.0_111\bin\java.exe
0x00007ffc3aec0000 - 0x00007ffc3b0b0000 	C:\WINDOWS\SYSTEM32\ntdll.dll
0x00007ffc3a5b0000 - 0x00007ffc3a662000 	C:\WINDOWS\System32\KERNEL32.DLL
0x00007ffc37fb0000 - 0x00007ffc38255000 	C:\WINDOWS\System32\KERNELBASE.dll
0x00007ffc3a8d0000 - 0x00007ffc3a973000 	C:\WINDOWS\System32\ADVAPI32.dll
0x00007ffc3ade0000 - 0x00007ffc3ae7e000 	C:\WINDOWS\System32\msvcrt.dll
0x00007ffc3a9b0000 - 0x00007ffc3aa47000 	C:\WINDOWS\System32\sechost.dll
0x00007ffc3aa50000 - 0x00007ffc3ab70000 	C:\WINDOWS\System32\RPCRT4.dll
0x00007ffc3ac40000 - 0x00007ffc3add4000 	C:\WINDOWS\System32\USER32.dll
0x00007ffc37e50000 - 0x00007ffc37e71000 	C:\WINDOWS\System32\win32u.dll
0x00007ffc3a980000 - 0x00007ffc3a9a6000 	C:\WINDOWS\System32\GDI32.dll
0x00007ffc384d0000 - 0x00007ffc38666000 	C:\WINDOWS\System32\gdi32full.dll
0x00007ffc37e80000 - 0x00007ffc37f1e000 	C:\WINDOWS\System32\msvcp_win.dll
0x00007ffc38280000 - 0x00007ffc3837a000 	C:\WINDOWS\System32\ucrtbase.dll
0x00007ffc22b20000 - 0x00007ffc22da4000 	C:\WINDOWS\WinSxS\amd64_microsoft.windows.common-controls_6595b64144ccf1df_6.0.18362.1139_none_9e7bf2d3e4605ac6\COMCTL32.dll
0x00007ffc39e10000 - 0x00007ffc3a145000 	C:\WINDOWS\System32\combase.dll
0x00007ffc38720000 - 0x00007ffc387a0000 	C:\WINDOWS\System32\bcryptPrimitives.dll
0x00007ffc38fd0000 - 0x00007ffc38ffe000 	C:\WINDOWS\System32\IMM32.DLL
0x000000005f710000 - 0x000000005f7e2000 	C:\Users\admin\Documents\jdk1.8.0_111\jre\bin\msvcr100.dll
0x000000005f7f0000 - 0x000000006008a000 	C:\Users\admin\Documents\jdk1.8.0_111\jre\bin\server\jvm.dll
0x00007ffc3a150000 - 0x00007ffc3a158000 	C:\WINDOWS\System32\PSAPI.DLL
0x00007ffc30a10000 - 0x00007ffc30a19000 	C:\WINDOWS\SYSTEM32\WSOCK32.dll
0x00007ffc35f90000 - 0x00007ffc35fb4000 	C:\WINDOWS\SYSTEM32\WINMM.dll
0x00007ffc3a3e0000 - 0x00007ffc3a44f000 	C:\WINDOWS\System32\WS2_32.dll
0x00007ffc33c30000 - 0x00007ffc33c3a000 	C:\WINDOWS\SYSTEM32\VERSION.dll
0x00007ffc35f60000 - 0x00007ffc35f8d000 	C:\WINDOWS\SYSTEM32\winmmbase.dll
0x00007ffc38f20000 - 0x00007ffc38f6a000 	C:\WINDOWS\System32\cfgmgr32.dll
0x000000005f6c0000 - 0x000000005f6cf000 	C:\Users\admin\Documents\jdk1.8.0_111\jre\bin\verify.dll
0x000000005f690000 - 0x000000005f6b9000 	C:\Users\admin\Documents\jdk1.8.0_111\jre\bin\java.dll
0x000000005f670000 - 0x000000005f686000 	C:\Users\admin\Documents\jdk1.8.0_111\jre\bin\zip.dll
0x00007ffc39570000 - 0x00007ffc39c57000 	C:\WINDOWS\System32\SHELL32.dll
0x00007ffc3a160000 - 0x00007ffc3a209000 	C:\WINDOWS\System32\shcore.dll
0x00007ffc387a0000 - 0x00007ffc38f20000 	C:\WINDOWS\System32\windows.storage.dll
0x00007ffc37d90000 - 0x00007ffc37db3000 	C:\WINDOWS\System32\profapi.dll
0x00007ffc37de0000 - 0x00007ffc37e2a000 	C:\WINDOWS\System32\powrprof.dll
0x00007ffc37d80000 - 0x00007ffc37d90000 	C:\WINDOWS\System32\UMPDC.dll
0x00007ffc3a370000 - 0x00007ffc3a3c2000 	C:\WINDOWS\System32\shlwapi.dll
0x00007ffc37dc0000 - 0x00007ffc37dd1000 	C:\WINDOWS\System32\kernel.appcore.dll
0x00007ffc38260000 - 0x00007ffc38277000 	C:\WINDOWS\System32\cryptsp.dll
0x000000005f490000 - 0x000000005f628000 	C:\Users\admin\Documents\jdk1.8.0_111\jre\bin\awt.dll
0x00007ffc3ab70000 - 0x00007ffc3ac35000 	C:\WINDOWS\System32\OLEAUT32.dll
0x00007ffc35e00000 - 0x00007ffc35e8f000 	C:\WINDOWS\SYSTEM32\apphelp.dll
0x00007ffc365e0000 - 0x00007ffc3660d000 	C:\WINDOWS\system32\DWMAPI.DLL
0x00007ffc360d0000 - 0x00007ffc36169000 	C:\WINDOWS\system32\uxtheme.dll
0x00007ffc3a720000 - 0x00007ffc3a855000 	C:\WINDOWS\System32\MSCTF.dll
0x00007ffc3a450000 - 0x00007ffc3a5a7000 	C:\WINDOWS\System32\ole32.dll

VM Arguments:
jvm_args: -Dfile.encoding=UTF-8 
java_command: university.management.system.AddStudent
java_class_path (initial): C:\Users\admin\Downloads\rs2xml.jar;C:\Users\admin\Downloads\mysql-connector-java-8.0.22\mysql-connector-java-8.0.22.jar;C:\Users\admin\Documents\NetBeansProjects\University Management System\build\classes
Launcher Type: SUN_STANDARD

Environment Variables:
PATH=C:\Program Files (x86)\Common Files\Oracle\Java\javapath;C:\ProgramData\Oracle\Java\javapath;C:\Program Files\AdoptOpenJDK\jdk-14.0.2.12-hotspot\bin;C:\WINDOWS\system32;C:\WINDOWS;C:\WINDOWS\System32\Wbem;C:\WINDOWS\System32\WindowsPowerShell\v1.0\;C:\WINDOWS\System32\OpenSSH\;C:\Users\admin\AppData\Local\Microsoft\WindowsApps;;C:\Users\admin\Desktop\Microsoft VS Code\bin
USERNAME=admin
OS=Windows_NT
PROCESSOR_IDENTIFIER=Intel64 Family 6 Model 158 Stepping 9, GenuineIntel



---------------  S Y S T E M  ---------------

OS: Windows 10.0 , 64 bit Build 18362 (10.0.18362.1110)

CPU:total 4 (2 cores per cpu, 2 threads per core) family 6 model 158 stepping 9, cmov, cx8, fxsr, mmx, sse, sse2, sse3, ssse3, sse4.1, sse4.2, popcnt, avx, avx2, aes, clmul, erms, 3dnowpref, lzcnt, ht, tsc, tscinvbit, bmi1, bmi2, adx

Memory: 4k page, physical 8272596k(2645424k free), swap 8272596k(5128k free)

vm_info: Java HotSpot(TM) 64-Bit Server VM (25.111-b14) for windows-amd64 JRE (1.8.0_111-b14), built on Sep 22 2016 19:24:05 by "java_re" with MS VC++ 10.0 (VS2010)

time: Tue Dec 08 22:32:01 2020
elapsed time: 1 seconds (0d 0h 0m 1s)

