#
# There is insufficient memory for the Java Runtime Environment to continue.
# Native memory allocation (malloc) failed to allocate 1048576 bytes for AllocateHeap
# Possible reasons:
#   The system is out of physical RAM or swap space
#   In 32 bit mode, the process size limit was hit
# Possible solutions:
#   Reduce memory load on the system
#   Increase physical memory or swap space
#   Check if swap backing store is full
#   Use 64 bit Java on a 64 bit OS
#   Decrease Java heap size (-Xmx/-Xms)
#   Decrease number of Java threads
#   Decrease Java thread stack sizes (-Xss)
#   Set larger code cache with -XX:ReservedCodeCacheSize=
# This output file may be truncated or incomplete.
#
#  Out of Memory Error (memory/allocation.inline.hpp:61), pid=7292, tid=0x0000000000001938
#
# JRE version:  (8.0_111-b14) (build )
# Java VM: Java HotSpot(TM) 64-Bit Server VM (25.111-b14 mixed mode windows-amd64 compressed oops)
# Failed to write core dump. Minidumps are not enabled by default on client versions of Windows
#

---------------  T H R E A D  ---------------

Current thread (0x0000000002770800):  JavaThread "Unknown thread" [_thread_in_vm, id=6456, stack(0x0000000002660000,0x0000000002760000)]

Stack: [0x0000000002660000,0x0000000002760000]
[error occurred during error reporting (printing stack bounds), id 0xc0000005]

Native frames: (J=compiled Java code, j=interpreted, Vv=VM code, C=native code)


---------------  P R O C E S S  ---------------

Java Threads: ( => current thread )

Other Threads:

=>0x0000000002770800 (exited) JavaThread "Unknown thread" [_thread_in_vm, id=6456, stack(0x0000000002660000,0x0000000002760000)]

VM state:not at safepoint (normal execution)

VM Mutex/Monitor currently owned by a thread: None

Heap:
 PSYoungGen      total 38400K, used 665K [0x00000000d5f00000, 0x00000000d8980000, 0x0000000100000000)
  eden space 33280K, 2% used [0x00000000d5f00000,0x00000000d5fa6670,0x00000000d7f80000)
  from space 5120K, 0% used [0x00000000d8480000,0x00000000d8480000,0x00000000d8980000)
  to   space 5120K, 0% used [0x00000000d7f80000,0x00000000d7f80000,0x00000000d8480000)
 ParOldGen       total 87552K, used 0K [0x0000000081c00000, 0x0000000087180000, 0x00000000d5f00000)
  object space 87552K, 0% used [0x0000000081c00000,0x0000000081c00000,0x0000000087180000)
 Metaspace       used 783K, capacity 1092K, committed 1152K, reserved 1060864K
  class space    used 75K, capacity 384K, committed 384K, reserved 1048576K

Card table byte_map: [0x0000000011c30000,0x0000000012030000] byte_map_base: 0x0000000011822000

Marking Bits: (ParMarkBitMap*) 0x000000006d65a6c0
 Begin Bits: [0x00000000126e0000, 0x0000000014670000)
 End Bits:   [0x0000000014670000, 0x0000000016600000)

Polling page: 0x00000000009f0000

CodeCache: size=245760Kb used=328Kb max_used=328Kb free=245431Kb
 bounds [0x0000000002870000, 0x0000000002ae0000, 0x0000000011870000]
 total_blobs=58 nmethods=0 adapters=38
 compilation: enabled

Compilation events (0 events):
No events

GC Heap History (0 events):
No events

Deoptimization events (0 events):
No events

Internal exceptions (0 events):
No events

Events (10 events):
Event: 0.083 loading class java/lang/Short
Event: 0.083 loading class java/lang/Short done
Event: 0.083 loading class java/lang/Integer
Event: 0.084 loading class java/lang/Integer done
Event: 0.084 loading class java/lang/Long
Event: 0.084 loading class java/lang/Long done
Event: 0.087 loading class java/lang/NullPointerException
Event: 0.087 loading class java/lang/NullPointerException done
Event: 0.087 loading class java/lang/ArithmeticException
Event: 0.087 loading class java/lang/ArithmeticException done


Dynamic libraries:
0x00007ff61d180000 - 0x00007ff61d1b7000 	C:\Users\admin\Documents\jdk1.8.0_111\bin\java.exe
0x00007ffacdd00000 - 0x00007ffacdef0000 	C:\WINDOWS\SYSTEM32\ntdll.dll
0x00007ffacd8d0000 - 0x00007ffacd982000 	C:\WINDOWS\System32\KERNEL32.DLL
0x00007ffacb090000 - 0x00007ffacb335000 	C:\WINDOWS\System32\KERNELBASE.dll
0x00007ffacc250000 - 0x00007ffacc2f3000 	C:\WINDOWS\System32\ADVAPI32.dll
0x00007ffacd030000 - 0x00007ffacd0ce000 	C:\WINDOWS\System32\msvcrt.dll
0x00007ffacccb0000 - 0x00007ffaccd47000 	C:\WINDOWS\System32\sechost.dll
0x00007ffacc6c0000 - 0x00007ffacc7e0000 	C:\WINDOWS\System32\RPCRT4.dll
0x00007ffacdab0000 - 0x00007ffacdc44000 	C:\WINDOWS\System32\USER32.dll
0x00007ffacac90000 - 0x00007ffacacb1000 	C:\WINDOWS\System32\win32u.dll
0x00007ffacbdb0000 - 0x00007ffacbdd6000 	C:\WINDOWS\System32\GDI32.dll
0x00007ffacb490000 - 0x00007ffacb626000 	C:\WINDOWS\System32\gdi32full.dll
0x00007ffacacc0000 - 0x00007ffacad5e000 	C:\WINDOWS\System32\msvcp_win.dll
0x00007ffacad60000 - 0x00007ffacae5a000 	C:\WINDOWS\System32\ucrtbase.dll
0x00007ffab6370000 - 0x00007ffab65f4000 	C:\WINDOWS\WinSxS\amd64_microsoft.windows.common-controls_6595b64144ccf1df_6.0.18362.1139_none_9e7bf2d3e4605ac6\COMCTL32.dll
0x00007ffacc300000 - 0x00007ffacc635000 	C:\WINDOWS\System32\combase.dll
0x00007ffacae90000 - 0x00007ffacaf10000 	C:\WINDOWS\System32\bcryptPrimitives.dll
0x00007ffacc8b0000 - 0x00007ffacc8de000 	C:\WINDOWS\System32\IMM32.DLL
0x000000006cd60000 - 0x000000006ce32000 	C:\Users\admin\Documents\jdk1.8.0_111\jre\bin\msvcr100.dll
0x000000006ce40000 - 0x000000006d6da000 	C:\Users\admin\Documents\jdk1.8.0_111\jre\bin\server\jvm.dll
0x00007ffaccbd0000 - 0x00007ffaccbd8000 	C:\WINDOWS\System32\PSAPI.DLL
0x00007ffac7490000 - 0x00007ffac7499000 	C:\WINDOWS\SYSTEM32\WSOCK32.dll
0x00007ffacd9b0000 - 0x00007ffacda1f000 	C:\WINDOWS\System32\WS2_32.dll
0x00007ffac8790000 - 0x00007ffac87b4000 	C:\WINDOWS\SYSTEM32\WINMM.dll
0x00007ffac00c0000 - 0x00007ffac00ca000 	C:\WINDOWS\SYSTEM32\VERSION.dll
0x00007ffac8760000 - 0x00007ffac878d000 	C:\WINDOWS\SYSTEM32\winmmbase.dll
0x00007ffacaf10000 - 0x00007ffacaf5a000 	C:\WINDOWS\System32\cfgmgr32.dll
0x000000006cd10000 - 0x000000006cd1f000 	C:\Users\admin\Documents\jdk1.8.0_111\jre\bin\verify.dll
0x000000006cce0000 - 0x000000006cd09000 	C:\Users\admin\Documents\jdk1.8.0_111\jre\bin\java.dll
0x000000006ccc0000 - 0x000000006ccd6000 	C:\Users\admin\Documents\jdk1.8.0_111\jre\bin\zip.dll

VM Arguments:
jvm_args: -Dfile.encoding=UTF-8 
java_command: university.management.system.Project
java_class_path (initial): C:\Program Files\NetBeans 8.2\ide\modules\ext\mysql-connector-java-5.1.23-bin.jar;C:\Users\admin\Downloads\rs2xml.jar;C:\Users\admin\Documents\NetBeansProjects\University Management System\build\classes
Launcher Type: SUN_STANDARD

Environment Variables:
PATH=C:\ProgramData\Oracle\Java\javapath;C:\Program Files\AdoptOpenJDK\jdk-14.0.2.12-hotspot\bin;C:\WINDOWS\system32;C:\WINDOWS;C:\WINDOWS\System32\Wbem;C:\WINDOWS\System32\WindowsPowerShell\v1.0\;C:\WINDOWS\System32\OpenSSH\;C:\Users\admin\AppData\Local\Microsoft\WindowsApps;;C:\Users\admin\Desktop\Microsoft VS Code\bin
USERNAME=admin
OS=Windows_NT
PROCESSOR_IDENTIFIER=Intel64 Family 6 Model 158 Stepping 9, GenuineIntel



---------------  S Y S T E M  ---------------

OS: Windows 10.0 , 64 bit Build 18362 (10.0.18362.1110)

CPU:total 4 (2 cores per cpu, 2 threads per core) family 6 model 158 stepping 9, cmov, cx8, fxsr, mmx, sse, sse2, sse3, ssse3, sse4.1, sse4.2, popcnt, avx, avx2, aes, clmul, erms, 3dnowpref, lzcnt, ht, tsc, tscinvbit, bmi1, bmi2, adx

Memory: 4k page, physical 8272596k(2900884k free), swap 8272596k(3436k free)

vm_info: Java HotSpot(TM) 64-Bit Server VM (25.111-b14) for windows-amd64 JRE (1.8.0_111-b14), built on Sep 22 2016 19:24:05 by "java_re" with MS VC++ 10.0 (VS2010)

time: Tue Dec 08 00:03:42 2020
elapsed time: 0 seconds (0d 0h 0m 0s)

