#
# There is insufficient memory for the Java Runtime Environment to continue.
# Native memory allocation (malloc) failed to allocate 1048576 bytes for AllocateHeap
# Possible reasons:
#   The system is out of physical RAM or swap space
#   In 32 bit mode, the process size limit was hit
# Possible solutions:
#   Reduce memory load on the system
#   Increase physical memory or swap space
#   Check if swap backing store is full
#   Use 64 bit Java on a 64 bit OS
#   Decrease Java heap size (-Xmx/-Xms)
#   Decrease number of Java threads
#   Decrease Java thread stack sizes (-Xss)
#   Set larger code cache with -XX:ReservedCodeCacheSize=
# This output file may be truncated or incomplete.
#
#  Out of Memory Error (memory/allocation.inline.hpp:61), pid=1108, tid=0x00000000000015c0
#
# JRE version:  (8.0_111-b14) (build )
# Java VM: Java HotSpot(TM) 64-Bit Server VM (25.111-b14 mixed mode windows-amd64 compressed oops)
# Failed to write core dump. Minidumps are not enabled by default on client versions of Windows
#

---------------  T H R E A D  ---------------

Current thread (0x0000000002cd0800):  JavaThread "Unknown thread" [_thread_in_vm, id=5568, stack(0x0000000002ba0000,0x0000000002ca0000)]

Stack: [0x0000000002ba0000,0x0000000002ca0000]
[error occurred during error reporting (printing stack bounds), id 0xc0000005]

Native frames: (J=compiled Java code, j=interpreted, Vv=VM code, C=native code)


---------------  P R O C E S S  ---------------

Java Threads: ( => current thread )

Other Threads:

=>0x0000000002cd0800 (exited) JavaThread "Unknown thread" [_thread_in_vm, id=5568, stack(0x0000000002ba0000,0x0000000002ca0000)]

VM state:not at safepoint (normal execution)

VM Mutex/Monitor currently owned by a thread: None

Heap:
 PSYoungGen      total 38400K, used 665K [0x00000000d5f00000, 0x00000000d8980000, 0x0000000100000000)
  eden space 33280K, 2% used [0x00000000d5f00000,0x00000000d5fa6670,0x00000000d7f80000)
  from space 5120K, 0% used [0x00000000d8480000,0x00000000d8480000,0x00000000d8980000)
  to   space 5120K, 0% used [0x00000000d7f80000,0x00000000d7f80000,0x00000000d8480000)
 ParOldGen       total 87552K, used 0K [0x0000000081c00000, 0x0000000087180000, 0x00000000d5f00000)
  object space 87552K, 0% used [0x0000000081c00000,0x0000000081c00000,0x0000000087180000)
 Metaspace       used 770K, capacity 4480K, committed 4480K, reserved 1056768K
  class space    used 75K, capacity 384K, committed 384K, reserved 1048576K

Card table byte_map: [0x0000000012250000,0x0000000012650000] byte_map_base: 0x0000000011e42000

Marking Bits: (ParMarkBitMap*) 0x000000006607a6c0
 Begin Bits: [0x0000000012d00000, 0x0000000014c90000)
 End Bits:   [0x0000000014c90000, 0x0000000016c20000)

Polling page: 0x0000000001360000

CodeCache: size=245760Kb used=328Kb max_used=328Kb free=245431Kb
 bounds [0x0000000002e90000, 0x0000000003100000, 0x0000000011e90000]
 total_blobs=58 nmethods=0 adapters=38
 compilation: enabled

Compilation events (0 events):
No events

GC Heap History (0 events):
No events

Deoptimization events (0 events):
No events

Internal exceptions (0 events):
No events

Events (10 events):
Event: 0.071 loading class java/lang/Short
Event: 0.071 loading class java/lang/Short done
Event: 0.071 loading class java/lang/Integer
Event: 0.071 loading class java/lang/Integer done
Event: 0.071 loading class java/lang/Long
Event: 0.071 loading class java/lang/Long done
Event: 0.073 loading class java/lang/NullPointerException
Event: 0.073 loading class java/lang/NullPointerException done
Event: 0.073 loading class java/lang/ArithmeticException
Event: 0.073 loading class java/lang/ArithmeticException done


Dynamic libraries:
0x00007ff7a3090000 - 0x00007ff7a30c7000 	C:\Users\admin\Documents\jdk1.8.0_111\bin\java.exe
0x00007ffc9a140000 - 0x00007ffc9a330000 	C:\WINDOWS\SYSTEM32\ntdll.dll
0x00007ffc98f50000 - 0x00007ffc99002000 	C:\WINDOWS\System32\KERNEL32.DLL
0x00007ffc97560000 - 0x00007ffc97805000 	C:\WINDOWS\System32\KERNELBASE.dll
0x00007ffc98e20000 - 0x00007ffc98ec3000 	C:\WINDOWS\System32\ADVAPI32.dll
0x00007ffc99d20000 - 0x00007ffc99dbe000 	C:\WINDOWS\System32\msvcrt.dll
0x00007ffc99c80000 - 0x00007ffc99d17000 	C:\WINDOWS\System32\sechost.dll
0x00007ffc99080000 - 0x00007ffc991a0000 	C:\WINDOWS\System32\RPCRT4.dll
0x00007ffc98260000 - 0x00007ffc983f4000 	C:\WINDOWS\System32\USER32.dll
0x00007ffc97f90000 - 0x00007ffc97fb1000 	C:\WINDOWS\System32\win32u.dll
0x00007ffc99e40000 - 0x00007ffc99e66000 	C:\WINDOWS\System32\GDI32.dll
0x00007ffc97250000 - 0x00007ffc973e6000 	C:\WINDOWS\System32\gdi32full.dll
0x00007ffc973f0000 - 0x00007ffc9748e000 	C:\WINDOWS\System32\msvcp_win.dll
0x00007ffc980f0000 - 0x00007ffc981ea000 	C:\WINDOWS\System32\ucrtbase.dll
0x00007ffc817d0000 - 0x00007ffc81a54000 	C:\WINDOWS\WinSxS\amd64_microsoft.windows.common-controls_6595b64144ccf1df_6.0.18362.1139_none_9e7bf2d3e4605ac6\COMCTL32.dll
0x00007ffc98ae0000 - 0x00007ffc98e15000 	C:\WINDOWS\System32\combase.dll
0x00007ffc97fc0000 - 0x00007ffc98040000 	C:\WINDOWS\System32\bcryptPrimitives.dll
0x00007ffc9a0d0000 - 0x00007ffc9a0fe000 	C:\WINDOWS\System32\IMM32.DLL
0x0000000067080000 - 0x0000000067152000 	C:\Users\admin\Documents\jdk1.8.0_111\jre\bin\msvcr100.dll
0x0000000065860000 - 0x00000000660fa000 	C:\Users\admin\Documents\jdk1.8.0_111\jre\bin\server\jvm.dll
0x00007ffc98250000 - 0x00007ffc98258000 	C:\WINDOWS\System32\PSAPI.DLL
0x00007ffc92940000 - 0x00007ffc9294a000 	C:\WINDOWS\SYSTEM32\VERSION.dll
0x00007ffc93ca0000 - 0x00007ffc93ca9000 	C:\WINDOWS\SYSTEM32\WSOCK32.dll
0x00007ffc99010000 - 0x00007ffc9907f000 	C:\WINDOWS\System32\WS2_32.dll
0x00007ffc93a00000 - 0x00007ffc93a24000 	C:\WINDOWS\SYSTEM32\WINMM.dll
0x00007ffc939b0000 - 0x00007ffc939dd000 	C:\WINDOWS\SYSTEM32\WINMMBASE.dll
0x00007ffc97510000 - 0x00007ffc9755a000 	C:\WINDOWS\System32\cfgmgr32.dll
0x0000000067030000 - 0x000000006703f000 	C:\Users\admin\Documents\jdk1.8.0_111\jre\bin\verify.dll
0x0000000067000000 - 0x0000000067029000 	C:\Users\admin\Documents\jdk1.8.0_111\jre\bin\java.dll
0x0000000066fe0000 - 0x0000000066ff6000 	C:\Users\admin\Documents\jdk1.8.0_111\jre\bin\zip.dll

VM Arguments:
jvm_args: -Dfile.encoding=UTF-8 
java_command: university.management.system.Splash
java_class_path (initial): C:\Users\admin\Downloads\rs2xml.jar;C:\Users\admin\Downloads\mysql-connector-java-8.0.22\mysql-connector-java-8.0.22.jar;C:\Users\admin\Documents\NetBeansProjects\University Management System\build\classes
Launcher Type: SUN_STANDARD

Environment Variables:
PATH=C:\Program Files (x86)\Common Files\Oracle\Java\javapath;C:\ProgramData\Oracle\Java\javapath;C:\Program Files\AdoptOpenJDK\jdk-14.0.2.12-hotspot\bin;C:\WINDOWS\system32;C:\WINDOWS;C:\WINDOWS\System32\Wbem;C:\WINDOWS\System32\WindowsPowerShell\v1.0\;C:\WINDOWS\System32\OpenSSH\;C:\Users\admin\AppData\Local\Microsoft\WindowsApps;;C:\Users\admin\Desktop\Microsoft VS Code\bin
USERNAME=admin
OS=Windows_NT
PROCESSOR_IDENTIFIER=Intel64 Family 6 Model 158 Stepping 9, GenuineIntel



---------------  S Y S T E M  ---------------

OS: Windows 10.0 , 64 bit Build 18362 (10.0.18362.1110)

CPU:total 4 (2 cores per cpu, 2 threads per core) family 6 model 158 stepping 9, cmov, cx8, fxsr, mmx, sse, sse2, sse3, ssse3, sse4.1, sse4.2, popcnt, avx, avx2, aes, clmul, erms, 3dnowpref, lzcnt, ht, tsc, tscinvbit, bmi1, bmi2, adx

Memory: 4k page, physical 8272596k(2945272k free), swap 8272596k(5988k free)

vm_info: Java HotSpot(TM) 64-Bit Server VM (25.111-b14) for windows-amd64 JRE (1.8.0_111-b14), built on Sep 22 2016 19:24:05 by "java_re" with MS VC++ 10.0 (VS2010)

time: Sat Dec 12 21:31:01 2020
elapsed time: 0 seconds (0d 0h 0m 0s)

