#
# There is insufficient memory for the Java Runtime Environment to continue.
# Native memory allocation (malloc) failed to allocate 434176 bytes for Chunk::new
# Possible reasons:
#   The system is out of physical RAM or swap space
#   In 32 bit mode, the process size limit was hit
# Possible solutions:
#   Reduce memory load on the system
#   Increase physical memory or swap space
#   Check if swap backing store is full
#   Use 64 bit Java on a 64 bit OS
#   Decrease Java heap size (-Xmx/-Xms)
#   Decrease number of Java threads
#   Decrease Java thread stack sizes (-Xss)
#   Set larger code cache with -XX:ReservedCodeCacheSize=
# This output file may be truncated or incomplete.
#
#  Out of Memory Error (allocation.cpp:390), pid=11244, tid=0x00000000000016d4
#
# JRE version: Java(TM) SE Runtime Environment (8.0_111-b14) (build 1.8.0_111-b14)
# Java VM: Java HotSpot(TM) 64-Bit Server VM (25.111-b14 mixed mode windows-amd64 compressed oops)
# Failed to write core dump. Minidumps are not enabled by default on client versions of Windows
#

---------------  T H R E A D  ---------------

Current thread (0x0000000017d1c000):  JavaThread "C2 CompilerThread0" daemon [_thread_in_native, id=5844, stack(0x0000000019370000,0x0000000019470000)]

Stack: [0x0000000019370000,0x0000000019470000]
[error occurred during error reporting (printing stack bounds), id 0xc0000005]

Native frames: (J=compiled Java code, j=interpreted, Vv=VM code, C=native code)


Current CompileTask:
C2:   3938  800       4       sun.font.TrueTypeFont::initAllNames (177 bytes)


---------------  P R O C E S S  ---------------

Java Threads: ( => current thread )
  0x00000000030f0800 JavaThread "DestroyJavaVM" [_thread_blocked, id=9732, stack(0x0000000002ff0000,0x00000000030f0000)]
  0x000000001aeef800 JavaThread "AWT-EventQueue-0" [_thread_in_vm, id=6076, stack(0x000000001c140000,0x000000001c240000)]
  0x000000001af66000 JavaThread "AWT-Shutdown" [_thread_blocked, id=7268, stack(0x000000001c040000,0x000000001c140000)]
  0x0000000019a57800 JavaThread "Image Fetcher 1" daemon [_thread_blocked, id=8036, stack(0x0000000019f80000,0x000000001a080000)]
  0x000000001a77a800 JavaThread "Image Fetcher 0" daemon [_thread_blocked, id=8188, stack(0x000000001af70000,0x000000001b070000)]
  0x0000000019a5c000 JavaThread "AWT-Windows" daemon [_thread_in_native, id=8984, stack(0x000000001a080000,0x000000001a180000)]
  0x00000000199f9800 JavaThread "Java2D Disposer" daemon [_thread_blocked, id=3148, stack(0x0000000019db0000,0x0000000019eb0000)]
  0x0000000019698800 JavaThread "Service Thread" daemon [_thread_blocked, id=2576, stack(0x0000000019a70000,0x0000000019b70000)]
  0x0000000017d2a800 JavaThread "C1 CompilerThread2" daemon [_thread_blocked, id=8456, stack(0x0000000019570000,0x0000000019670000)]
  0x0000000017d23000 JavaThread "C2 CompilerThread1" daemon [_thread_blocked, id=10356, stack(0x0000000019470000,0x0000000019570000)]
=>0x0000000017d1c000 JavaThread "C2 CompilerThread0" daemon [_thread_in_native, id=5844, stack(0x0000000019370000,0x0000000019470000)]
  0x0000000017d1a800 JavaThread "Attach Listener" daemon [_thread_blocked, id=8608, stack(0x0000000019270000,0x0000000019370000)]
  0x0000000017d19000 JavaThread "Signal Dispatcher" daemon [_thread_blocked, id=8352, stack(0x0000000019170000,0x0000000019270000)]
  0x0000000017d0a800 JavaThread "Finalizer" daemon [_thread_blocked, id=2312, stack(0x0000000018f70000,0x0000000019070000)]
  0x00000000031df000 JavaThread "Reference Handler" daemon [_thread_blocked, id=10432, stack(0x0000000018e70000,0x0000000018f70000)]

Other Threads:
  0x0000000017ce6800 VMThread [stack: 0x0000000018d70000,0x0000000018e70000] [id=6016]
  0x00000000196b1000 WatcherThread [stack: 0x0000000019b70000,0x0000000019c70000] [id=10444]

VM state:not at safepoint (normal execution)

VM Mutex/Monitor currently owned by a thread: None

Heap:
 PSYoungGen      total 71680K, used 10267K [0x00000000d5f00000, 0x00000000dad80000, 0x0000000100000000)
  eden space 66560K, 7% used [0x00000000d5f00000,0x00000000d640e618,0x00000000da000000)
  from space 5120K, 99% used [0x00000000da000000,0x00000000da4f8628,0x00000000da500000)
  to   space 5120K, 0% used [0x00000000da880000,0x00000000da880000,0x00000000dad80000)
 ParOldGen       total 114688K, used 44679K [0x0000000081c00000, 0x0000000088c00000, 0x00000000d5f00000)
  object space 114688K, 38% used [0x0000000081c00000,0x00000000847a1c98,0x0000000088c00000)
 Metaspace       used 10402K, capacity 10552K, committed 10880K, reserved 1058816K
  class space    used 1226K, capacity 1318K, committed 1408K, reserved 1048576K

Card table byte_map: [0x00000000125b0000,0x00000000129b0000] byte_map_base: 0x00000000121a2000

Marking Bits: (ParMarkBitMap*) 0x000000006000a6c0
 Begin Bits: [0x0000000013060000, 0x0000000014ff0000)
 End Bits:   [0x0000000014ff0000, 0x0000000016f80000)

Polling page: 0x0000000001250000

CodeCache: size=245760Kb used=3407Kb max_used=3427Kb free=242352Kb
 bounds [0x00000000031f0000, 0x0000000003550000, 0x00000000121f0000]
 total_blobs=1299 nmethods=832 adapters=380
 compilation: enabled

Compilation events (10 events):
Event: 3.777 Thread 0x0000000017d2a800 nmethod 816 0x0000000003533990 code [0x0000000003533ae0, 0x0000000003533c90]
Event: 3.778 Thread 0x0000000017d2a800  817       1       java.awt.Component::isEnabledImpl (5 bytes)
Event: 3.778 Thread 0x0000000017d2a800 nmethod 817 0x0000000003533d10 code [0x0000000003533e60, 0x0000000003533f70]
Event: 3.784 Thread 0x0000000017d2a800  818       1       java.awt.Component::isVisible_NoClientCode (5 bytes)
Event: 3.784 Thread 0x0000000017d2a800 nmethod 818 0x0000000003533fd0 code [0x0000000003534120, 0x0000000003534230]
Event: 3.784 Thread 0x0000000017d2a800  819       1       java.awt.AWTEvent::getID (5 bytes)
Event: 3.785 Thread 0x0000000017d2a800 nmethod 819 0x0000000003534290 code [0x00000000035343e0, 0x00000000035344f0]
Event: 3.865 Thread 0x0000000017d2a800  820       3       java.util.LinkedList$Node::<init> (20 bytes)
Event: 3.866 Thread 0x0000000017d2a800 nmethod 820 0x00000000035354d0 code [0x0000000003535620, 0x0000000003535810]
Event: 3.873 Thread 0x0000000017d2a800  821       3       sun.swing.MenuItemLayoutHelper::calcMaxValue (34 bytes)

GC Heap History (8 events):
Event: 1.155 GC heap before
{Heap before GC invocations=1 (full 0):
 PSYoungGen      total 38400K, used 33280K [0x00000000d5f00000, 0x00000000d8980000, 0x0000000100000000)
  eden space 33280K, 100% used [0x00000000d5f00000,0x00000000d7f80000,0x00000000d7f80000)
  from space 5120K, 0% used [0x00000000d8480000,0x00000000d8480000,0x00000000d8980000)
  to   space 5120K, 0% used [0x00000000d7f80000,0x00000000d7f80000,0x00000000d8480000)
 ParOldGen       total 87552K, used 0K [0x0000000081c00000, 0x0000000087180000, 0x00000000d5f00000)
  object space 87552K, 0% used [0x0000000081c00000,0x0000000081c00000,0x0000000087180000)
 Metaspace       used 7643K, capacity 7808K, committed 7936K, reserved 1056768K
  class space    used 883K, capacity 962K, committed 1024K, reserved 1048576K
Event: 1.199 GC heap after
Heap after GC invocations=1 (full 0):
 PSYoungGen      total 38400K, used 1472K [0x00000000d5f00000, 0x00000000daa00000, 0x0000000100000000)
  eden space 33280K, 0% used [0x00000000d5f00000,0x00000000d5f00000,0x00000000d7f80000)
  from space 5120K, 28% used [0x00000000d7f80000,0x00000000d80f0000,0x00000000d8480000)
  to   space 5120K, 0% used [0x00000000da500000,0x00000000da500000,0x00000000daa00000)
 ParOldGen       total 87552K, used 48008K [0x0000000081c00000, 0x0000000087180000, 0x00000000d5f00000)
  object space 87552K, 54% used [0x0000000081c00000,0x0000000084ae2030,0x0000000087180000)
 Metaspace       used 7643K, capacity 7808K, committed 7936K, reserved 1056768K
  class space    used 883K, capacity 962K, committed 1024K, reserved 1048576K
}
Event: 1.199 GC heap before
{Heap before GC invocations=2 (full 1):
 PSYoungGen      total 38400K, used 1472K [0x00000000d5f00000, 0x00000000daa00000, 0x0000000100000000)
  eden space 33280K, 0% used [0x00000000d5f00000,0x00000000d5f00000,0x00000000d7f80000)
  from space 5120K, 28% used [0x00000000d7f80000,0x00000000d80f0000,0x00000000d8480000)
  to   space 5120K, 0% used [0x00000000da500000,0x00000000da500000,0x00000000daa00000)
 ParOldGen       total 87552K, used 48008K [0x0000000081c00000, 0x0000000087180000, 0x00000000d5f00000)
  object space 87552K, 54% used [0x0000000081c00000,0x0000000084ae2030,0x0000000087180000)
 Metaspace       used 7643K, capacity 7808K, committed 7936K, reserved 1056768K
  class space    used 883K, capacity 962K, committed 1024K, reserved 1048576K
Event: 1.239 GC heap after
Heap after GC invocations=2 (full 1):
 PSYoungGen      total 38400K, used 0K [0x00000000d5f00000, 0x00000000daa00000, 0x0000000100000000)
  eden space 33280K, 0% used [0x00000000d5f00000,0x00000000d5f00000,0x00000000d7f80000)
  from space 5120K, 0% used [0x00000000d7f80000,0x00000000d7f80000,0x00000000d8480000)
  to   space 5120K, 0% used [0x00000000da500000,0x00000000da500000,0x00000000daa00000)
 ParOldGen       total 114688K, used 17345K [0x0000000081c00000, 0x0000000088c00000, 0x00000000d5f00000)
  object space 114688K, 15% used [0x0000000081c00000,0x0000000082cf04f8,0x0000000088c00000)
 Metaspace       used 7643K, capacity 7808K, committed 7936K, reserved 1056768K
  class space    used 883K, capacity 962K, committed 1024K, reserved 1048576K
}
Event: 2.119 GC heap before
{Heap before GC invocations=3 (full 1):
 PSYoungGen      total 38400K, used 31418K [0x00000000d5f00000, 0x00000000daa00000, 0x0000000100000000)
  eden space 33280K, 94% used [0x00000000d5f00000,0x00000000d7dae998,0x00000000d7f80000)
  from space 5120K, 0% used [0x00000000d7f80000,0x00000000d7f80000,0x00000000d8480000)
  to   space 5120K, 0% used [0x00000000da500000,0x00000000da500000,0x00000000daa00000)
 ParOldGen       total 114688K, used 17345K [0x0000000081c00000, 0x0000000088c00000, 0x00000000d5f00000)
  object space 114688K, 15% used [0x0000000081c00000,0x0000000082cf04f8,0x0000000088c00000)
 Metaspace       used 8141K, capacity 8256K, committed 8576K, reserved 1056768K
  class space    used 950K, capacity 1026K, committed 1152K, reserved 1048576K
Event: 2.133 GC heap after
Heap after GC invocations=3 (full 1):
 PSYoungGen      total 53248K, used 4672K [0x00000000d5f00000, 0x00000000daa00000, 0x0000000100000000)
  eden space 48128K, 0% used [0x00000000d5f00000,0x00000000d5f00000,0x00000000d8e00000)
  from space 5120K, 91% used [0x00000000da500000,0x00000000da990218,0x00000000daa00000)
  to   space 5120K, 0% used [0x00000000da000000,0x00000000da000000,0x00000000da500000)
 ParOldGen       total 114688K, used 32341K [0x0000000081c00000, 0x0000000088c00000, 0x00000000d5f00000)
  object space 114688K, 28% used [0x0000000081c00000,0x0000000083b95448,0x0000000088c00000)
 Metaspace       used 8141K, capacity 8256K, committed 8576K, reserved 1056768K
  class space    used 950K, capacity 1026K, committed 1152K, reserved 1048576K
}
Event: 3.794 GC heap before
{Heap before GC invocations=4 (full 1):
 PSYoungGen      total 53248K, used 49781K [0x00000000d5f00000, 0x00000000daa00000, 0x0000000100000000)
  eden space 48128K, 93% used [0x00000000d5f00000,0x00000000d8b0d1f8,0x00000000d8e00000)
  from space 5120K, 91% used [0x00000000da500000,0x00000000da990218,0x00000000daa00000)
  to   space 5120K, 0% used [0x00000000da000000,0x00000000da000000,0x00000000da500000)
 ParOldGen       total 114688K, used 32341K [0x0000000081c00000, 0x0000000088c00000, 0x00000000d5f00000)
  object space 114688K, 28% used [0x0000000081c00000,0x0000000083b95448,0x0000000088c00000)
 Metaspace       used 10153K, capacity 10328K, committed 10624K, reserved 1058816K
  class space    used 1195K, capacity 1286K, committed 1408K, reserved 1048576K
Event: 3.848 GC heap after
Heap after GC invocations=4 (full 1):
 PSYoungGen      total 71680K, used 5089K [0x00000000d5f00000, 0x00000000dad80000, 0x0000000100000000)
  eden space 66560K, 0% used [0x00000000d5f00000,0x00000000d5f00000,0x00000000da000000)
  from space 5120K, 99% used [0x00000000da000000,0x00000000da4f8628,0x00000000da500000)
  to   space 5120K, 0% used [0x00000000da880000,0x00000000da880000,0x00000000dad80000)
 ParOldGen       total 114688K, used 44679K [0x0000000081c00000, 0x0000000088c00000, 0x00000000d5f00000)
  object space 114688K, 38% used [0x0000000081c00000,0x00000000847a1c98,0x0000000088c00000)
 Metaspace       used 10153K, capacity 10328K, committed 10624K, reserved 1058816K
  class space    used 1195K, capacity 1286K, committed 1408K, reserved 1048576K
}

Deoptimization events (10 events):
Event: 3.143 Thread 0x00000000030f0800 Uncommon trap: reason=class_check action=maybe_recompile pc=0x000000000335e8dc method=java.lang.String.equals(Ljava/lang/Object;)Z @ 8
Event: 3.143 Thread 0x00000000030f0800 Uncommon trap: reason=class_check action=maybe_recompile pc=0x000000000335e8dc method=java.lang.String.equals(Ljava/lang/Object;)Z @ 8
Event: 3.143 Thread 0x00000000030f0800 Uncommon trap: reason=class_check action=maybe_recompile pc=0x000000000335e8dc method=java.lang.String.equals(Ljava/lang/Object;)Z @ 8
Event: 3.478 Thread 0x00000000030f0800 Uncommon trap: reason=class_check action=maybe_recompile pc=0x0000000003499f7c method=java.util.HashMap.putVal(ILjava/lang/Object;Ljava/lang/Object;ZZ)Ljava/lang/Object; @ 203
Event: 3.478 Thread 0x00000000030f0800 Uncommon trap: reason=class_check action=maybe_recompile pc=0x0000000003499f7c method=java.util.HashMap.putVal(ILjava/lang/Object;Ljava/lang/Object;ZZ)Ljava/lang/Object; @ 203
Event: 3.478 Thread 0x00000000030f0800 Uncommon trap: reason=class_check action=maybe_recompile pc=0x0000000003499f7c method=java.util.HashMap.putVal(ILjava/lang/Object;Ljava/lang/Object;ZZ)Ljava/lang/Object; @ 203
Event: 3.478 Thread 0x00000000030f0800 Uncommon trap: reason=class_check action=maybe_recompile pc=0x0000000003499f7c method=java.util.HashMap.putVal(ILjava/lang/Object;Ljava/lang/Object;ZZ)Ljava/lang/Object; @ 203
Event: 3.511 Thread 0x00000000030f0800 Uncommon trap: reason=unstable_if action=reinterpret pc=0x000000000351ae50 method=java.lang.Character.isSurrogate(C)Z @ 3
Event: 3.511 Thread 0x00000000030f0800 Uncommon trap: reason=unstable_if action=reinterpret pc=0x000000000345ad3c method=java.lang.String.toLowerCase(Ljava/util/Locale;)Ljava/lang/String; @ 37
Event: 3.511 Thread 0x00000000030f0800 Uncommon trap: reason=unstable_if action=reinterpret pc=0x0000000003454e40 method=java.lang.CharacterData.of(I)Ljava/lang/CharacterData; @ 4

Internal exceptions (10 events):
Event: 0.135 Thread 0x00000000030f0800 Exception <a 'java/lang/NoSuchMethodError': Method sun.misc.Unsafe.prefetchRead(Ljava/lang/Object;J)V name or signature does not match> (0x00000000d5f07f60) thrown at [C:\re\workspace\8-2-build-windows-amd64-cygwin\jdk8u111\7883\hotspot\src\share\vm\prims
Event: 0.422 Thread 0x00000000030f0800 Exception <a 'java/security/PrivilegedActionException'> (0x00000000d5f97738) thrown at [C:\re\workspace\8-2-build-windows-amd64-cygwin\jdk8u111\7883\hotspot\src\share\vm\prims\jvm.cpp, line 1386]
Event: 0.422 Thread 0x00000000030f0800 Exception <a 'java/security/PrivilegedActionException'> (0x00000000d5f97948) thrown at [C:\re\workspace\8-2-build-windows-amd64-cygwin\jdk8u111\7883\hotspot\src\share\vm\prims\jvm.cpp, line 1386]
Event: 0.424 Thread 0x00000000030f0800 Exception <a 'java/security/PrivilegedActionException'> (0x00000000d5f9a928) thrown at [C:\re\workspace\8-2-build-windows-amd64-cygwin\jdk8u111\7883\hotspot\src\share\vm\prims\jvm.cpp, line 1386]
Event: 0.424 Thread 0x00000000030f0800 Exception <a 'java/security/PrivilegedActionException'> (0x00000000d5f9ab38) thrown at [C:\re\workspace\8-2-build-windows-amd64-cygwin\jdk8u111\7883\hotspot\src\share\vm\prims\jvm.cpp, line 1386]
Event: 0.444 Thread 0x00000000030f0800 Exception <a 'java/io/FileNotFoundException'> (0x00000000d5fa0230) thrown at [C:\re\workspace\8-2-build-windows-amd64-cygwin\jdk8u111\7883\hotspot\src\share\vm\prims\jni.cpp, line 709]
Event: 0.581 Thread 0x00000000030f0800 Exception <a 'java/lang/NoSuchFieldError': method resolution failed> (0x00000000d6114950) thrown at [C:\re\workspace\8-2-build-windows-amd64-cygwin\jdk8u111\7883\hotspot\src\share\vm\prims\methodHandles.cpp, line 1146]
Event: 0.588 Thread 0x00000000030f0800 Exception <a 'java/lang/NoSuchFieldError': method resolution failed> (0x00000000d6121d20) thrown at [C:\re\workspace\8-2-build-windows-amd64-cygwin\jdk8u111\7883\hotspot\src\share\vm\prims\methodHandles.cpp, line 1146]
Event: 0.725 Thread 0x00000000030f0800 Exception <a 'java/io/FileNotFoundException'> (0x00000000d61b67e8) thrown at [C:\re\workspace\8-2-build-windows-amd64-cygwin\jdk8u111\7883\hotspot\src\share\vm\prims\jni.cpp, line 709]
Event: 1.823 Thread 0x000000001a77a800 Implicit null exception at 0x00000000033ac78d to 0x00000000033acf51

Events (10 events):
Event: 3.866 loading class java/awt/GradientPaint done
Event: 3.868 loading class java/awt/GradientPaintContext
Event: 3.869 loading class java/awt/PaintContext
Event: 3.869 loading class java/awt/PaintContext done
Event: 3.870 loading class java/awt/GradientPaintContext done
Event: 3.870 loading class java/awt/geom/Point2D$Double
Event: 3.870 loading class java/awt/geom/Point2D$Double done
Event: 3.871 loading class sun/java2d/pipe/AlphaPaintPipe$TileContext
Event: 3.871 loading class sun/java2d/pipe/AlphaPaintPipe$TileContext done
Event: 3.873 loading class sun/swing/MenuItemLayoutHelper$LayoutResult


Dynamic libraries:
0x00007ff6a7590000 - 0x00007ff6a75c7000 	C:\Users\admin\Documents\jdk1.8.0_111\bin\java.exe
0x00007ffc3aec0000 - 0x00007ffc3b0b0000 	C:\WINDOWS\SYSTEM32\ntdll.dll
0x00007ffc3a5b0000 - 0x00007ffc3a662000 	C:\WINDOWS\System32\KERNEL32.DLL
0x00007ffc37fb0000 - 0x00007ffc38255000 	C:\WINDOWS\System32\KERNELBASE.dll
0x00007ffc3a8d0000 - 0x00007ffc3a973000 	C:\WINDOWS\System32\ADVAPI32.dll
0x00007ffc3ade0000 - 0x00007ffc3ae7e000 	C:\WINDOWS\System32\msvcrt.dll
0x00007ffc3a9b0000 - 0x00007ffc3aa47000 	C:\WINDOWS\System32\sechost.dll
0x00007ffc3aa50000 - 0x00007ffc3ab70000 	C:\WINDOWS\System32\RPCRT4.dll
0x00007ffc3ac40000 - 0x00007ffc3add4000 	C:\WINDOWS\System32\USER32.dll
0x00007ffc37e50000 - 0x00007ffc37e71000 	C:\WINDOWS\System32\win32u.dll
0x00007ffc3a980000 - 0x00007ffc3a9a6000 	C:\WINDOWS\System32\GDI32.dll
0x00007ffc384d0000 - 0x00007ffc38666000 	C:\WINDOWS\System32\gdi32full.dll
0x00007ffc37e80000 - 0x00007ffc37f1e000 	C:\WINDOWS\System32\msvcp_win.dll
0x00007ffc38280000 - 0x00007ffc3837a000 	C:\WINDOWS\System32\ucrtbase.dll
0x00007ffc22b20000 - 0x00007ffc22da4000 	C:\WINDOWS\WinSxS\amd64_microsoft.windows.common-controls_6595b64144ccf1df_6.0.18362.1139_none_9e7bf2d3e4605ac6\COMCTL32.dll
0x00007ffc39e10000 - 0x00007ffc3a145000 	C:\WINDOWS\System32\combase.dll
0x00007ffc38720000 - 0x00007ffc387a0000 	C:\WINDOWS\System32\bcryptPrimitives.dll
0x00007ffc38fd0000 - 0x00007ffc38ffe000 	C:\WINDOWS\System32\IMM32.DLL
0x000000005f710000 - 0x000000005f7e2000 	C:\Users\admin\Documents\jdk1.8.0_111\jre\bin\msvcr100.dll
0x000000005f7f0000 - 0x000000006008a000 	C:\Users\admin\Documents\jdk1.8.0_111\jre\bin\server\jvm.dll
0x00007ffc3a150000 - 0x00007ffc3a158000 	C:\WINDOWS\System32\PSAPI.DLL
0x00007ffc30a10000 - 0x00007ffc30a19000 	C:\WINDOWS\SYSTEM32\WSOCK32.dll
0x00007ffc3a3e0000 - 0x00007ffc3a44f000 	C:\WINDOWS\System32\WS2_32.dll
0x00007ffc33c30000 - 0x00007ffc33c3a000 	C:\WINDOWS\SYSTEM32\VERSION.dll
0x00007ffc35f90000 - 0x00007ffc35fb4000 	C:\WINDOWS\SYSTEM32\WINMM.dll
0x00007ffc35f60000 - 0x00007ffc35f8d000 	C:\WINDOWS\SYSTEM32\winmmbase.dll
0x00007ffc38f20000 - 0x00007ffc38f6a000 	C:\WINDOWS\System32\cfgmgr32.dll
0x000000005f6c0000 - 0x000000005f6cf000 	C:\Users\admin\Documents\jdk1.8.0_111\jre\bin\verify.dll
0x000000005f690000 - 0x000000005f6b9000 	C:\Users\admin\Documents\jdk1.8.0_111\jre\bin\java.dll
0x000000005f670000 - 0x000000005f686000 	C:\Users\admin\Documents\jdk1.8.0_111\jre\bin\zip.dll
0x00007ffc39570000 - 0x00007ffc39c57000 	C:\WINDOWS\System32\SHELL32.dll
0x00007ffc3a160000 - 0x00007ffc3a209000 	C:\WINDOWS\System32\shcore.dll
0x00007ffc387a0000 - 0x00007ffc38f20000 	C:\WINDOWS\System32\windows.storage.dll
0x00007ffc37d90000 - 0x00007ffc37db3000 	C:\WINDOWS\System32\profapi.dll
0x00007ffc37de0000 - 0x00007ffc37e2a000 	C:\WINDOWS\System32\powrprof.dll
0x00007ffc37d80000 - 0x00007ffc37d90000 	C:\WINDOWS\System32\UMPDC.dll
0x00007ffc3a370000 - 0x00007ffc3a3c2000 	C:\WINDOWS\System32\shlwapi.dll
0x00007ffc37dc0000 - 0x00007ffc37dd1000 	C:\WINDOWS\System32\kernel.appcore.dll
0x00007ffc38260000 - 0x00007ffc38277000 	C:\WINDOWS\System32\cryptsp.dll
0x000000005f490000 - 0x000000005f628000 	C:\Users\admin\Documents\jdk1.8.0_111\jre\bin\awt.dll
0x00007ffc3ab70000 - 0x00007ffc3ac35000 	C:\WINDOWS\System32\OLEAUT32.dll
0x00007ffc35e00000 - 0x00007ffc35e8f000 	C:\WINDOWS\SYSTEM32\apphelp.dll
0x00007ffc365e0000 - 0x00007ffc3660d000 	C:\WINDOWS\system32\DWMAPI.DLL
0x00007ffc360d0000 - 0x00007ffc36169000 	C:\WINDOWS\system32\uxtheme.dll
0x00007ffc3a720000 - 0x00007ffc3a855000 	C:\WINDOWS\System32\MSCTF.dll
0x00007ffc3a450000 - 0x00007ffc3a5a7000 	C:\WINDOWS\System32\ole32.dll
0x000000005f270000 - 0x000000005f2a1000 	C:\Users\admin\Documents\jdk1.8.0_111\jre\bin\jpeg.dll
0x000000005f440000 - 0x000000005f487000 	C:\Users\admin\Documents\jdk1.8.0_111\jre\bin\fontmanager.dll
0x000000005f650000 - 0x000000005f66a000 	C:\Users\admin\Documents\jdk1.8.0_111\jre\bin\net.dll
0x00007ffc37570000 - 0x00007ffc375d7000 	C:\WINDOWS\system32\mswsock.dll
0x000000005f630000 - 0x000000005f641000 	C:\Users\admin\Documents\jdk1.8.0_111\jre\bin\nio.dll
0x000000005f3f0000 - 0x000000005f432000 	C:\Users\admin\Documents\jdk1.8.0_111\jre\bin\t2k.dll
0x00007ffc298b0000 - 0x00007ffc2994e000 	C:\WINDOWS\System32\TextInputFramework.dll
0x00007ffc313a0000 - 0x00007ffc316ca000 	C:\WINDOWS\System32\CoreUIComponents.dll
0x00007ffc35cc0000 - 0x00007ffc35d94000 	C:\WINDOWS\System32\CoreMessaging.dll
0x00007ffc36dc0000 - 0x00007ffc36df1000 	C:\WINDOWS\SYSTEM32\ntmarta.dll
0x00007ffc33510000 - 0x00007ffc33663000 	C:\WINDOWS\SYSTEM32\wintypes.dll
0x00007ffc28380000 - 0x00007ffc28627000 	C:\WINDOWS\System32\iertutil.dll
0x00007ffc3a670000 - 0x00007ffc3a712000 	C:\WINDOWS\System32\clbcatq.dll

VM Arguments:
jvm_args: -Dfile.encoding=UTF-8 
java_command: university.management.system.Project
java_class_path (initial): C:\Users\admin\Downloads\rs2xml.jar;C:\Users\admin\Downloads\mysql-connector-java-8.0.22\mysql-connector-java-8.0.22.jar;C:\Users\admin\Documents\NetBeansProjects\University Management System\build\classes
Launcher Type: SUN_STANDARD

Environment Variables:
PATH=C:\ProgramData\Oracle\Java\javapath;C:\Program Files\AdoptOpenJDK\jdk-14.0.2.12-hotspot\bin;C:\WINDOWS\system32;C:\WINDOWS;C:\WINDOWS\System32\Wbem;C:\WINDOWS\System32\WindowsPowerShell\v1.0\;C:\WINDOWS\System32\OpenSSH\;C:\Users\admin\AppData\Local\Microsoft\WindowsApps;;C:\Users\admin\Desktop\Microsoft VS Code\bin
USERNAME=admin
OS=Windows_NT
PROCESSOR_IDENTIFIER=Intel64 Family 6 Model 158 Stepping 9, GenuineIntel



---------------  S Y S T E M  ---------------

OS: Windows 10.0 , 64 bit Build 18362 (10.0.18362.1110)

CPU:total 4 (2 cores per cpu, 2 threads per core) family 6 model 158 stepping 9, cmov, cx8, fxsr, mmx, sse, sse2, sse3, ssse3, sse4.1, sse4.2, popcnt, avx, avx2, aes, clmul, erms, 3dnowpref, lzcnt, ht, tsc, tscinvbit, bmi1, bmi2, adx

Memory: 4k page, physical 8272596k(2714392k free), swap 8272596k(6844k free)

vm_info: Java HotSpot(TM) 64-Bit Server VM (25.111-b14) for windows-amd64 JRE (1.8.0_111-b14), built on Sep 22 2016 19:24:05 by "java_re" with MS VC++ 10.0 (VS2010)

time: Tue Dec 08 20:06:43 2020
elapsed time: 3 seconds (0d 0h 0m 3s)

