#
# There is insufficient memory for the Java Runtime Environment to continue.
# Native memory allocation (malloc) failed to allocate 1048576 bytes for AllocateHeap
# Possible reasons:
#   The system is out of physical RAM or swap space
#   In 32 bit mode, the process size limit was hit
# Possible solutions:
#   Reduce memory load on the system
#   Increase physical memory or swap space
#   Check if swap backing store is full
#   Use 64 bit Java on a 64 bit OS
#   Decrease Java heap size (-Xmx/-Xms)
#   Decrease number of Java threads
#   Decrease Java thread stack sizes (-Xss)
#   Set larger code cache with -XX:ReservedCodeCacheSize=
# This output file may be truncated or incomplete.
#
#  Out of Memory Error (memory/allocation.inline.hpp:61), pid=6472, tid=0x00000000000027b8
#
# JRE version:  (8.0_111-b14) (build )
# Java VM: Java HotSpot(TM) 64-Bit Server VM (25.111-b14 mixed mode windows-amd64 compressed oops)
# Failed to write core dump. Minidumps are not enabled by default on client versions of Windows
#

---------------  T H R E A D  ---------------

Current thread (0x00000000025d0800):  JavaThread "Unknown thread" [_thread_in_vm, id=10168, stack(0x00000000024d0000,0x00000000025d0000)]

Stack: [0x00000000024d0000,0x00000000025d0000]
[error occurred during error reporting (printing stack bounds), id 0xc0000005]

Native frames: (J=compiled Java code, j=interpreted, Vv=VM code, C=native code)


---------------  P R O C E S S  ---------------

Java Threads: ( => current thread )

Other Threads:

=>0x00000000025d0800 (exited) JavaThread "Unknown thread" [_thread_in_vm, id=10168, stack(0x00000000024d0000,0x00000000025d0000)]

VM state:not at safepoint (normal execution)

VM Mutex/Monitor currently owned by a thread: None

Heap:
 PSYoungGen      total 38400K, used 665K [0x00000000d5f00000, 0x00000000d8980000, 0x0000000100000000)
  eden space 33280K, 2% used [0x00000000d5f00000,0x00000000d5fa6670,0x00000000d7f80000)
  from space 5120K, 0% used [0x00000000d8480000,0x00000000d8480000,0x00000000d8980000)
  to   space 5120K, 0% used [0x00000000d7f80000,0x00000000d7f80000,0x00000000d8480000)
 ParOldGen       total 87552K, used 0K [0x0000000081c00000, 0x0000000087180000, 0x00000000d5f00000)
  object space 87552K, 0% used [0x0000000081c00000,0x0000000081c00000,0x0000000087180000)
 Metaspace       used 770K, capacity 4480K, committed 4480K, reserved 1056768K
  class space    used 75K, capacity 384K, committed 384K, reserved 1048576K

Card table byte_map: [0x0000000011a90000,0x0000000011e90000] byte_map_base: 0x0000000011682000

Marking Bits: (ParMarkBitMap*) 0x0000000068c5a6c0
 Begin Bits: [0x0000000012540000, 0x00000000144d0000)
 End Bits:   [0x00000000144d0000, 0x0000000016460000)

Polling page: 0x00000000006f0000

CodeCache: size=245760Kb used=328Kb max_used=328Kb free=245431Kb
 bounds [0x00000000026d0000, 0x0000000002940000, 0x00000000116d0000]
 total_blobs=58 nmethods=0 adapters=38
 compilation: enabled

Compilation events (0 events):
No events

GC Heap History (0 events):
No events

Deoptimization events (0 events):
No events

Internal exceptions (0 events):
No events

Events (10 events):
Event: 0.084 loading class java/lang/Short
Event: 0.085 loading class java/lang/Short done
Event: 0.085 loading class java/lang/Integer
Event: 0.085 loading class java/lang/Integer done
Event: 0.085 loading class java/lang/Long
Event: 0.085 loading class java/lang/Long done
Event: 0.087 loading class java/lang/NullPointerException
Event: 0.087 loading class java/lang/NullPointerException done
Event: 0.087 loading class java/lang/ArithmeticException
Event: 0.087 loading class java/lang/ArithmeticException done


Dynamic libraries:
0x00007ff71e8b0000 - 0x00007ff71e8e7000 	C:\Users\admin\Documents\jdk1.8.0_111\bin\java.exe
0x00007ffc3afa0000 - 0x00007ffc3b190000 	C:\WINDOWS\SYSTEM32\ntdll.dll
0x00007ffc39800000 - 0x00007ffc398b2000 	C:\WINDOWS\System32\KERNEL32.DLL
0x00007ffc38ca0000 - 0x00007ffc38f45000 	C:\WINDOWS\System32\KERNELBASE.dll
0x00007ffc39050000 - 0x00007ffc390f3000 	C:\WINDOWS\System32\ADVAPI32.dll
0x00007ffc3a240000 - 0x00007ffc3a2de000 	C:\WINDOWS\System32\msvcrt.dll
0x00007ffc39a30000 - 0x00007ffc39ac7000 	C:\WINDOWS\System32\sechost.dll
0x00007ffc39cf0000 - 0x00007ffc39e10000 	C:\WINDOWS\System32\RPCRT4.dll
0x00007ffc39ef0000 - 0x00007ffc3a084000 	C:\WINDOWS\System32\USER32.dll
0x00007ffc38320000 - 0x00007ffc38341000 	C:\WINDOWS\System32\win32u.dll
0x00007ffc39cc0000 - 0x00007ffc39ce6000 	C:\WINDOWS\System32\GDI32.dll
0x00007ffc38030000 - 0x00007ffc381c6000 	C:\WINDOWS\System32\gdi32full.dll
0x00007ffc38280000 - 0x00007ffc3831e000 	C:\WINDOWS\System32\msvcp_win.dll
0x00007ffc37f30000 - 0x00007ffc3802a000 	C:\WINDOWS\System32\ucrtbase.dll
0x00007ffc21670000 - 0x00007ffc218f4000 	C:\WINDOWS\WinSxS\amd64_microsoft.windows.common-controls_6595b64144ccf1df_6.0.18362.1139_none_9e7bf2d3e4605ac6\COMCTL32.dll
0x00007ffc3aa10000 - 0x00007ffc3ad45000 	C:\WINDOWS\System32\combase.dll
0x00007ffc38f70000 - 0x00007ffc38ff0000 	C:\WINDOWS\System32\bcryptPrimitives.dll
0x00007ffc39e10000 - 0x00007ffc39e3e000 	C:\WINDOWS\System32\IMM32.DLL
0x0000000068360000 - 0x0000000068432000 	C:\Users\admin\Documents\jdk1.8.0_111\jre\bin\msvcr100.dll
0x0000000068440000 - 0x0000000068cda000 	C:\Users\admin\Documents\jdk1.8.0_111\jre\bin\server\jvm.dll
0x00007ffc397f0000 - 0x00007ffc397f8000 	C:\WINDOWS\System32\PSAPI.DLL
0x00007ffc03160000 - 0x00007ffc03169000 	C:\WINDOWS\SYSTEM32\WSOCK32.dll
0x00007ffc39ad0000 - 0x00007ffc39b3f000 	C:\WINDOWS\System32\WS2_32.dll
0x00007ffc340c0000 - 0x00007ffc340ca000 	C:\WINDOWS\SYSTEM32\VERSION.dll
0x00007ffc35fe0000 - 0x00007ffc36004000 	C:\WINDOWS\SYSTEM32\WINMM.dll
0x00007ffc35fb0000 - 0x00007ffc35fdd000 	C:\WINDOWS\SYSTEM32\winmmbase.dll
0x00007ffc38b00000 - 0x00007ffc38b4a000 	C:\WINDOWS\System32\cfgmgr32.dll
0x0000000068310000 - 0x000000006831f000 	C:\Users\admin\Documents\jdk1.8.0_111\jre\bin\verify.dll
0x00000000682e0000 - 0x0000000068309000 	C:\Users\admin\Documents\jdk1.8.0_111\jre\bin\java.dll
0x00000000682c0000 - 0x00000000682d6000 	C:\Users\admin\Documents\jdk1.8.0_111\jre\bin\zip.dll

VM Arguments:
jvm_args: -Dfile.encoding=UTF-8 
java_command: university.management.system.Project
java_class_path (initial): C:\Users\admin\Downloads\rs2xml.jar;C:\Users\admin\Downloads\mysql-connector-java-8.0.22\mysql-connector-java-8.0.22.jar;C:\Users\admin\Documents\NetBeansProjects\University Management System\build\classes
Launcher Type: SUN_STANDARD

Environment Variables:
PATH=C:\Program Files (x86)\Common Files\Oracle\Java\javapath;C:\ProgramData\Oracle\Java\javapath;C:\Program Files\AdoptOpenJDK\jdk-14.0.2.12-hotspot\bin;C:\WINDOWS\system32;C:\WINDOWS;C:\WINDOWS\System32\Wbem;C:\WINDOWS\System32\WindowsPowerShell\v1.0\;C:\WINDOWS\System32\OpenSSH\;C:\Users\admin\AppData\Local\Microsoft\WindowsApps;;C:\Users\admin\Desktop\Microsoft VS Code\bin
USERNAME=admin
OS=Windows_NT
PROCESSOR_IDENTIFIER=Intel64 Family 6 Model 158 Stepping 9, GenuineIntel



---------------  S Y S T E M  ---------------

OS: Windows 10.0 , 64 bit Build 18362 (10.0.18362.1110)

CPU:total 4 (2 cores per cpu, 2 threads per core) family 6 model 158 stepping 9, cmov, cx8, fxsr, mmx, sse, sse2, sse3, ssse3, sse4.1, sse4.2, popcnt, avx, avx2, aes, clmul, erms, 3dnowpref, lzcnt, ht, tsc, tscinvbit, bmi1, bmi2, adx

Memory: 4k page, physical 8272596k(3222820k free), swap 8272596k(5388k free)

vm_info: Java HotSpot(TM) 64-Bit Server VM (25.111-b14) for windows-amd64 JRE (1.8.0_111-b14), built on Sep 22 2016 19:24:05 by "java_re" with MS VC++ 10.0 (VS2010)

time: Wed Dec 09 16:07:03 2020
elapsed time: 0 seconds (0d 0h 0m 0s)

